2025-09-06 16:33:13 [PID:13720|TID:24800] Task logging enabled
2025-09-06 16:33:13 [PID:13720|TID:24800] Task logging enabled
2025-09-06 16:33:13 [PID:13720|TID:24800] Task logging enabled
2025-09-06 16:33:13 [PID:13720|TID:24800] Task logging enabled
2025-09-06 16:33:13 [PID:13720|TID:24800] Task logging enabled
2025-09-06 16:33:16 [PID:13720|TID:24800] Task logging enabled
2025-09-06 16:33:16 [PID:13720|TID:24800] Task logging enabled
2025-09-06 16:33:16 [PID:13720|TID:24800] Task logging enabled
2025-09-06 16:33:16 [PID:13720|TID:24800] Task logging enabled
2025-09-06 16:33:16 [PID:13720|TID:24800] Task logging enabled
2025-09-06 16:33:17 [PID:13720|TID:24800] Task logging enabled
2025-09-06 16:33:17 [PID:13720|TID:24800] Task logging enabled
2025-09-06 16:33:17 [PID:13720|TID:24800] Task logging enabled
2025-09-06 16:33:17 [PID:13720|TID:24800] Task logging enabled
2025-09-06 16:33:17 [PID:13720|TID:24800] Task logging enabled
2025-09-06 16:33:18 [PID:13720|TID:24800] Task logging enabled
2025-09-06 16:33:18 [PID:13720|TID:24800] Task logging enabled
2025-09-06 16:33:18 [PID:13720|TID:24800] Task logging enabled
2025-09-06 16:33:18 [PID:13720|TID:24800] Task logging enabled
2025-09-06 16:33:18 [PID:13720|TID:24800] Task logging enabled
2025-09-06 16:33:23 [PID:13720|TID:24800] Task logging enabled
2025-09-06 16:33:23 [PID:13720|TID:24800] Task logging enabled
2025-09-06 16:33:23 [PID:13720|TID:24800] Task logging enabled
2025-09-06 16:33:23 [PID:13720|TID:24800] Task logging enabled
2025-09-06 16:33:23 [PID:13720|TID:24800] Task logging enabled
2025-09-06 16:33:28 [PID:13720|TID:24800] Task logging enabled
2025-09-06 16:33:28 [PID:13720|TID:24800] Task logging enabled
2025-09-06 16:33:28 [PID:13720|TID:24800] Task logging enabled
2025-09-06 16:33:28 [PID:13720|TID:24800] Task logging enabled
2025-09-06 16:33:28 [PID:13720|TID:24800] Task logging enabled
2025-09-06 16:33:33 [PID:13720|TID:24800] Task logging enabled
2025-09-06 16:33:33 [PID:13720|TID:24800] Task logging enabled
2025-09-06 16:33:33 [PID:13720|TID:24800] Task logging enabled
2025-09-06 16:33:33 [PID:13720|TID:24800] Task logging enabled
2025-09-06 16:33:33 [PID:13720|TID:24800] Task logging enabled
2025-09-06 16:33:38 [PID:13720|TID:24800] Task logging enabled
2025-09-06 16:33:38 [PID:13720|TID:24800] Task logging enabled
2025-09-06 16:33:38 [PID:13720|TID:24800] Task logging enabled
2025-09-06 16:33:38 [PID:13720|TID:24800] Task logging enabled
2025-09-06 16:33:38 [PID:13720|TID:24800] Task logging enabled
2025-09-06 16:33:43 [PID:13720|TID:24800] Task logging enabled
2025-09-06 16:33:43 [PID:13720|TID:24800] Task logging enabled
2025-09-06 16:33:43 [PID:13720|TID:24800] Task logging enabled
2025-09-06 16:33:43 [PID:13720|TID:24800] Task logging enabled
2025-09-06 16:33:43 [PID:13720|TID:24800] Task logging enabled
2025-09-06 16:33:48 [PID:13720|TID:24800] Task logging enabled
2025-09-06 16:33:48 [PID:13720|TID:24800] Task logging enabled
2025-09-06 16:33:48 [PID:13720|TID:24800] Task logging enabled
2025-09-06 16:33:48 [PID:13720|TID:24800] Task logging enabled
2025-09-06 16:33:48 [PID:13720|TID:24800] Task logging enabled
2025-09-06 16:33:53 [PID:13720|TID:24800] Task logging enabled
2025-09-06 16:33:53 [PID:13720|TID:24800] Task logging enabled
2025-09-06 16:33:53 [PID:13720|TID:24800] Task logging enabled
2025-09-06 16:33:53 [PID:13720|TID:24800] Task logging enabled
2025-09-06 16:33:53 [PID:13720|TID:24800] Task logging enabled
2025-09-06 16:33:58 [PID:13720|TID:24800] Task logging enabled
2025-09-06 16:33:58 [PID:13720|TID:24800] Task logging enabled
2025-09-06 16:33:58 [PID:13720|TID:24800] Task logging enabled
2025-09-06 16:33:58 [PID:13720|TID:24800] Task logging enabled
2025-09-06 16:33:58 [PID:13720|TID:24800] Task logging enabled
2025-09-06 16:57:25 [PID:25208|TID:2440] Task logging enabled
2025-09-06 16:57:25 [PID:25208|TID:2440] Task logging enabled
2025-09-06 16:57:25 [PID:25208|TID:2440] Task logging enabled
2025-09-06 16:57:25 [PID:25208|TID:2440] Task logging enabled
2025-09-06 16:57:25 [PID:25208|TID:2440] Task logging enabled
2025-09-06 16:57:28 [PID:25208|TID:2440] Task logging enabled
2025-09-06 16:57:28 [PID:25208|TID:2440] Task logging enabled
2025-09-06 16:57:28 [PID:25208|TID:2440] Task logging enabled
2025-09-06 16:57:28 [PID:25208|TID:2440] Task logging enabled
2025-09-06 16:57:28 [PID:25208|TID:2440] Task logging enabled
2025-09-06 16:57:28 [PID:25208|TID:2440] Task logging enabled
2025-09-06 16:57:28 [PID:25208|TID:2440] Task logging enabled
2025-09-06 16:57:28 [PID:25208|TID:2440] Task logging enabled
2025-09-06 16:57:28 [PID:25208|TID:2440] Task logging enabled
2025-09-06 16:57:28 [PID:25208|TID:2440] Task logging enabled
2025-09-06 16:57:28 [PID:25208|TID:2440] Task logging enabled
2025-09-06 16:57:28 [PID:25208|TID:2440] Task logging enabled
2025-09-06 16:57:28 [PID:25208|TID:2440] Task logging enabled
2025-09-06 16:57:28 [PID:25208|TID:2440] Task logging enabled
2025-09-06 16:57:28 [PID:25208|TID:2440] Task logging enabled
2025-09-06 16:57:29 [PID:25208|TID:2440] Task logging enabled
2025-09-06 16:57:29 [PID:25208|TID:2440] Task logging enabled
2025-09-06 16:57:29 [PID:25208|TID:2440] Task logging enabled
2025-09-06 16:57:29 [PID:25208|TID:2440] Task logging enabled
2025-09-06 16:57:29 [PID:25208|TID:2440] Task logging enabled
2025-09-06 16:57:31 [PID:25208|TID:2440] Task logging enabled
2025-09-06 16:57:31 [PID:25208|TID:2440] Task logging enabled
2025-09-06 16:57:31 [PID:25208|TID:2440] Task logging enabled
2025-09-06 16:57:31 [PID:25208|TID:2440] Task logging enabled
2025-09-06 16:57:31 [PID:25208|TID:2440] Task logging enabled
2025-09-06 16:57:31 [PID:25208|TID:2440] Task logging enabled
2025-09-06 16:57:31 [PID:25208|TID:2440] Task logging enabled
2025-09-06 16:57:31 [PID:25208|TID:2440] Task logging enabled
2025-09-06 16:57:31 [PID:25208|TID:2440] Task logging enabled
2025-09-06 16:57:31 [PID:25208|TID:2440] Task logging enabled
2025-09-06 16:57:44 [PID:25208|TID:2440] Task logging enabled
2025-09-06 16:57:44 [PID:25208|TID:2440] Task logging enabled
2025-09-06 16:57:44 [PID:25208|TID:2440] Task logging enabled
2025-09-06 16:57:44 [PID:25208|TID:2440] Task logging enabled
2025-09-06 16:57:44 [PID:25208|TID:2440] Task logging enabled
2025-09-06 16:57:44 [PID:25208|TID:2440] Task logging enabled
2025-09-06 16:57:44 [PID:25208|TID:2440] Task logging enabled
2025-09-06 16:57:44 [PID:25208|TID:2440] Task logging enabled
2025-09-06 16:57:44 [PID:25208|TID:2440] Task logging enabled
2025-09-06 16:57:44 [PID:25208|TID:2440] Task logging enabled
2025-09-06 16:57:44 [PID:25208|TID:2440] Task logging enabled
2025-09-06 16:57:44 [PID:25208|TID:2440] Task logging enabled
2025-09-06 16:57:44 [PID:25208|TID:2440] Task logging enabled
2025-09-06 16:57:44 [PID:25208|TID:2440] Task logging enabled
2025-09-06 16:57:44 [PID:25208|TID:2440] Task logging enabled
2025-09-06 16:57:45 [PID:25208|TID:2440] Task logging enabled
2025-09-06 16:57:45 [PID:25208|TID:2440] Task logging enabled
2025-09-06 16:57:45 [PID:25208|TID:2440] Task logging enabled
2025-09-06 16:57:45 [PID:25208|TID:2440] Task logging enabled
2025-09-06 16:57:45 [PID:25208|TID:2440] Task logging enabled
2025-09-06 16:57:45 [PID:25208|TID:2440] Task logging enabled
2025-09-06 16:57:45 [PID:25208|TID:2440] Task logging enabled
2025-09-06 16:57:45 [PID:25208|TID:2440] Task logging enabled
2025-09-06 16:57:45 [PID:25208|TID:2440] Task logging enabled
2025-09-06 16:57:45 [PID:25208|TID:2440] Task logging enabled
2025-09-06 16:57:47 [PID:25208|TID:2440] Task logging enabled
2025-09-06 16:57:47 [PID:25208|TID:2440] Task logging enabled
2025-09-06 16:57:47 [PID:25208|TID:2440] Task logging enabled
2025-09-06 16:57:47 [PID:25208|TID:2440] Task logging enabled
2025-09-06 16:57:47 [PID:25208|TID:2440] Task logging enabled
2025-09-06 16:57:47 [PID:25208|TID:2440] Task logging enabled
2025-09-06 16:57:47 [PID:25208|TID:2440] Task logging enabled
2025-09-06 16:57:47 [PID:25208|TID:2440] Task logging enabled
2025-09-06 16:57:47 [PID:25208|TID:2440] Task logging enabled
2025-09-06 16:57:47 [PID:25208|TID:2440] Task logging enabled
2025-09-06 16:57:47 [PID:25208|TID:2440] Task logging enabled
2025-09-06 16:57:47 [PID:25208|TID:2440] Task logging enabled
2025-09-06 16:57:47 [PID:25208|TID:2440] Task logging enabled
2025-09-06 16:57:47 [PID:25208|TID:2440] Task logging enabled
2025-09-06 16:57:47 [PID:25208|TID:2440] Task logging enabled
2025-09-06 16:57:47 [PID:25208|TID:2440] Task logging enabled
2025-09-06 16:57:47 [PID:25208|TID:2440] Task logging enabled
2025-09-06 16:57:47 [PID:25208|TID:2440] Task logging enabled
2025-09-06 16:57:47 [PID:25208|TID:2440] Task logging enabled
2025-09-06 16:57:47 [PID:25208|TID:2440] Task logging enabled
2025-09-06 16:57:48 [PID:25208|TID:2440] Task logging enabled
2025-09-06 16:57:48 [PID:25208|TID:2440] Task logging enabled
2025-09-06 16:57:48 [PID:25208|TID:2440] Task logging enabled
2025-09-06 16:57:48 [PID:25208|TID:2440] Task logging enabled
2025-09-06 16:57:48 [PID:25208|TID:2440] Task logging enabled
2025-09-06 16:57:48 [PID:25208|TID:2440] Task logging enabled
2025-09-06 16:57:48 [PID:25208|TID:2440] Task logging enabled
2025-09-06 16:57:48 [PID:25208|TID:2440] Task logging enabled
2025-09-06 16:57:48 [PID:25208|TID:2440] Task logging enabled
2025-09-06 16:57:48 [PID:25208|TID:2440] Task logging enabled
2025-09-06 16:57:49 [PID:25208|TID:2440] Task logging enabled
2025-09-06 16:57:49 [PID:25208|TID:2440] Task logging enabled
2025-09-06 16:57:49 [PID:25208|TID:2440] Task logging enabled
2025-09-06 16:57:49 [PID:25208|TID:2440] Task logging enabled
2025-09-06 16:57:49 [PID:25208|TID:2440] Task logging enabled
2025-09-06 16:57:50 [PID:25208|TID:2440] Task logging enabled
2025-09-06 16:57:50 [PID:25208|TID:2440] Task logging enabled
2025-09-06 16:57:50 [PID:25208|TID:2440] Task logging enabled
2025-09-06 16:57:50 [PID:25208|TID:2440] Task logging enabled
2025-09-06 16:57:50 [PID:25208|TID:2440] Task logging enabled
2025-09-06 16:57:50 [PID:25208|TID:2440] Task logging enabled
2025-09-06 16:57:50 [PID:25208|TID:2440] Task logging enabled
2025-09-06 16:57:50 [PID:25208|TID:2440] Task logging enabled
2025-09-06 16:57:50 [PID:25208|TID:2440] Task logging enabled
2025-09-06 16:57:50 [PID:25208|TID:2440] Task logging enabled
2025-09-06 16:57:51 [PID:25208|TID:2440] Task logging enabled
2025-09-06 16:57:51 [PID:25208|TID:2440] Task logging enabled
2025-09-06 16:57:51 [PID:25208|TID:2440] Task logging enabled
2025-09-06 16:57:51 [PID:25208|TID:2440] Task logging enabled
2025-09-06 16:57:51 [PID:25208|TID:2440] Task logging enabled
2025-09-06 16:57:53 [PID:25208|TID:2440] Task logging enabled
2025-09-06 16:57:53 [PID:25208|TID:2440] Task logging enabled
2025-09-06 16:57:53 [PID:25208|TID:2440] Task logging enabled
2025-09-06 16:57:53 [PID:25208|TID:2440] Task logging enabled
2025-09-06 16:57:53 [PID:25208|TID:2440] Task logging enabled
2025-09-06 16:57:56 [PID:25208|TID:2440] Task logging enabled
2025-09-06 16:57:56 [PID:25208|TID:2440] Task logging enabled
2025-09-06 16:57:56 [PID:25208|TID:2440] Task logging enabled
2025-09-06 16:57:56 [PID:25208|TID:2440] Task logging enabled
2025-09-06 16:57:56 [PID:25208|TID:2440] Task logging enabled
2025-09-06 16:57:57 [PID:25208|TID:2440] Task logging enabled
2025-09-06 16:57:57 [PID:25208|TID:2440] Task logging enabled
2025-09-06 16:57:57 [PID:25208|TID:2440] Task logging enabled
2025-09-06 16:57:57 [PID:25208|TID:2440] Task logging enabled
2025-09-06 16:57:57 [PID:25208|TID:2440] Task logging enabled
2025-09-07 19:45:13 [PID:10472|TID:31792] Task logging enabled
2025-09-07 19:45:13 [PID:10472|TID:31792] Task logging enabled
2025-09-07 19:45:13 [PID:10472|TID:31792] Task logging enabled
2025-09-07 19:45:13 [PID:10472|TID:31792] Task logging enabled
2025-09-07 19:45:13 [PID:10472|TID:31792] Task logging enabled
2025-09-07 19:45:25 [PID:11804|TID:32308] Task logging enabled
2025-09-07 19:45:25 [PID:11804|TID:32308] Task logging enabled
2025-09-07 19:45:25 [PID:11804|TID:32308] Task logging enabled
2025-09-07 19:45:25 [PID:11804|TID:32308] Task logging enabled
2025-09-07 19:45:25 [PID:11804|TID:32308] Task logging enabled
2025-09-07 19:47:42 [PID:23752|TID:9824] Task logging enabled
2025-09-07 19:47:42 [PID:23752|TID:9824] Work state changed from Idle to Busy
2025-09-07 19:47:42 [PID:23752|TID:9824] Thread auto-detected as working
2025-09-07 19:47:42 [PID:23752|TID:9824] Work state changed from Busy to Stopped
2025-09-07 19:47:42 [PID:23752|TID:9824] Task logging enabled
2025-09-07 19:47:42 [PID:23752|TID:9824] Work state changed from Idle to Busy
2025-09-07 19:47:42 [PID:23752|TID:9824] Thread auto-detected as working
2025-09-07 19:47:42 [PID:23752|TID:9824] Work state changed from Busy to Stopped
2025-09-07 19:47:42 [PID:23752|TID:9824] Task logging enabled
2025-09-07 19:47:42 [PID:23752|TID:9824] Work state changed from Idle to Completed
2025-09-07 19:47:42 [PID:23752|TID:9824] Thread detected as completed
2025-09-07 19:47:42 [PID:23752|TID:9824] Task logging enabled
2025-09-07 19:47:51 [PID:40572|TID:17308] Task logging enabled
2025-09-07 19:47:51 [PID:40572|TID:17308] Work state changed from Idle to Busy
2025-09-07 19:47:51 [PID:40572|TID:17308] Thread auto-detected as working
2025-09-07 19:47:51 [PID:40572|TID:17308] Work state changed from Busy to Stopped
2025-09-07 19:47:51 [PID:40572|TID:17308] Task logging enabled
2025-09-07 19:47:51 [PID:40572|TID:17308] Work state changed from Idle to Busy
2025-09-07 19:47:51 [PID:40572|TID:17308] Thread auto-detected as working
2025-09-07 19:47:51 [PID:40572|TID:17308] Work state changed from Busy to Stopped
2025-09-07 19:47:51 [PID:40572|TID:17308] Task logging enabled
2025-09-07 19:47:51 [PID:40572|TID:17308] Work state changed from Idle to Completed
2025-09-07 19:47:51 [PID:40572|TID:17308] Thread detected as completed
2025-09-07 19:47:51 [PID:40572|TID:17308] Task logging enabled
